
2022-12-07 23:01:40 INFO  Main:9 - Simulation is starting
2022-12-07 23:01:40 INFO  CourseRegistrationSimulation:41 - 400 Random student created
2022-12-07 23:01:40 INFO  CourseRegistrationSimulation:17 - Students registiration completed
2022-12-07 23:01:41 INFO  CourseRegistrationSimulation:23 - Students saved to the json files
2022-12-07 23:01:41 INFO  Main:12 - Course registration simulation ended.
2022-12-07 23:02:07 INFO  Main:9 - Simulation is starting
2022-12-07 23:02:07 INFO  CourseRegistrationSimulation:41 - 400 Random student created
2022-12-07 23:02:07 INFO  CourseRegistrationSimulation:17 - Students registiration completed
2022-12-07 23:02:08 INFO  CourseRegistrationSimulation:23 - Students saved to the json files
2022-12-07 23:02:08 INFO  Main:12 - Course registration simulation ended.
2022-12-07 23:02:46 INFO  Main:9 - Simulation is starting
2022-12-07 23:02:46 INFO  CourseRegistrationSimulation:41 - 400 Random student created
2022-12-07 23:02:46 INFO  CourseRegistrationSimulation:17 - Students registiration completed
2022-12-07 23:02:47 INFO  CourseRegistrationSimulation:23 - Students saved to the json files
2022-12-07 23:02:47 INFO  Main:12 - Course registration simulation ended.
2022-12-07 23:03:22 INFO  Main:9 - Simulation is starting
2022-12-07 23:03:22 INFO  CourseRegistrationSimulation:41 - 400 Random student created
2022-12-07 23:03:22 INFO  CourseRegistrationSimulation:17 - Students registiration completed
2022-12-07 23:03:23 INFO  CourseRegistrationSimulation:23 - Students saved to the json files
2022-12-07 23:03:23 INFO  Main:12 - Course registration simulation ended.
2022-12-07 23:04:26 INFO  Main:9 - Simulation is starting
2022-12-07 23:04:26 INFO  CourseRegistrationSimulation:41 - 400 Random student created
2022-12-07 23:04:26 INFO  CourseRegistrationSimulation:17 - Students registiration completed
2022-12-07 23:04:27 INFO  CourseRegistrationSimulation:23 - Students saved to the json files
2022-12-07 23:04:27 INFO  Main:12 - Course registration simulation ended.
2022-12-07 23:05:32 INFO  Main:9 - Simulation is starting
2022-12-07 23:05:32 INFO  CourseRegistrationSimulation:41 - 400 Random student created
2022-12-07 23:05:32 INFO  CourseRegistrationSimulation:17 - Students registiration completed
2022-12-07 23:05:33 INFO  CourseRegistrationSimulation:23 - Students saved to the json files
2022-12-07 23:05:33 INFO  Main:12 - Course registration simulation ended.
2022-12-07 23:06:15 INFO  Main:9 - Simulation is starting
2022-12-07 23:06:15 INFO  CourseRegistrationSimulation:41 - 400 Random student created
2022-12-07 23:06:15 INFO  CourseRegistrationSimulation:17 - Students registiration completed
2022-12-07 23:06:16 INFO  CourseRegistrationSimulation:23 - Students saved to the json files
2022-12-07 23:06:16 INFO  Main:12 - Course registration simulation ended.
2022-12-07 23:07:16 INFO  Main:9 - Simulation is starting
2022-12-07 23:07:16 INFO  CourseRegistrationSimulation:41 - 400 Random student created
2022-12-07 23:07:16 INFO  CourseRegistrationSimulation:17 - Students registiration completed
2022-12-07 23:07:16 INFO  CourseRegistrationSimulation:23 - Students saved to the json files
2022-12-07 23:07:16 INFO  Main:12 - Course registration simulation ended.
2022-12-07 23:09:33 INFO  Main:9 - Simulation is starting
2022-12-07 23:09:33 INFO  CourseRegistrationSimulation:41 - 400 Random student created
2022-12-07 23:09:33 INFO  CourseRegistrationSimulation:17 - Students registiration completed
2022-12-07 23:09:33 INFO  CourseRegistrationSimulation:23 - Students saved to the json files
2022-12-07 23:09:33 INFO  Main:12 - Course registration simulation ended.
2022-12-07 23:10:46 INFO  Main:9 - Simulation is starting
2022-12-07 23:10:46 INFO  CourseRegistrationSimulation:41 - 400 Random student created
2022-12-07 23:10:46 INFO  CourseRegistrationSimulation:17 - Students registiration completed
2022-12-07 23:10:47 INFO  CourseRegistrationSimulation:23 - Students saved to the json files
2022-12-07 23:10:47 INFO  Main:12 - Course registration simulation ended.
2022-12-07 23:12:02 INFO  Main:9 - Simulation is starting
2022-12-07 23:12:02 INFO  CourseRegistrationSimulation:41 - 400 Random student created
2022-12-07 23:12:02 INFO  CourseRegistrationSimulation:17 - Students registiration completed
2022-12-07 23:12:03 INFO  CourseRegistrationSimulation:23 - Students saved to the json files
2022-12-07 23:12:03 INFO  Main:12 - Course registration simulation ended.
2022-12-07 23:12:19 INFO  Main:9 - Simulation is starting
2022-12-07 23:12:19 INFO  CourseRegistrationSimulation:41 - 400 Random student created
2022-12-07 23:12:19 INFO  CourseRegistrationSimulation:17 - Students registiration completed
2022-12-07 23:12:20 INFO  CourseRegistrationSimulation:23 - Students saved to the json files
2022-12-07 23:12:20 INFO  Main:12 - Course registration simulation ended.
2022-12-07 23:12:30 INFO  Main:9 - Simulation is starting
2022-12-07 23:12:30 INFO  CourseRegistrationSimulation:41 - 400 Random student created
2022-12-07 23:12:30 INFO  CourseRegistrationSimulation:17 - Students registiration completed
2022-12-07 23:12:31 INFO  CourseRegistrationSimulation:23 - Students saved to the json files
2022-12-07 23:12:31 INFO  Main:12 - Course registration simulation ended.
2022-12-07 23:13:08 INFO  Main:9 - Simulation is starting
2022-12-07 23:13:08 INFO  CourseRegistrationSimulation:41 - 400 Random student created
2022-12-07 23:13:08 INFO  CourseRegistrationSimulation:17 - Students registiration completed
2022-12-07 23:13:09 INFO  CourseRegistrationSimulation:23 - Students saved to the json files
2022-12-07 23:13:09 INFO  Main:12 - Course registration simulation ended.
2022-12-07 23:13:26 INFO  Main:9 - Simulation is starting
2022-12-07 23:13:26 INFO  CourseRegistrationSimulation:41 - 400 Random student created
2022-12-07 23:13:26 INFO  CourseRegistrationSimulation:17 - Students registiration completed
2022-12-07 23:13:27 INFO  CourseRegistrationSimulation:23 - Students saved to the json files
2022-12-07 23:13:27 INFO  Main:12 - Course registration simulation ended.
2022-12-07 23:13:47 INFO  Main:9 - Simulation is starting
2022-12-07 23:13:47 INFO  CourseRegistrationSimulation:41 - 400 Random student created
2022-12-07 23:13:47 INFO  CourseRegistrationSimulation:17 - Students registiration completed
2022-12-07 23:13:48 INFO  CourseRegistrationSimulation:23 - Students saved to the json files
2022-12-07 23:13:48 INFO  Main:12 - Course registration simulation ended.
2022-12-07 23:13:52 INFO  Main:9 - Simulation is starting
2022-12-07 23:13:52 INFO  CourseRegistrationSimulation:41 - 400 Random student created
2022-12-07 23:13:52 INFO  CourseRegistrationSimulation:17 - Students registiration completed
2022-12-07 23:13:53 INFO  CourseRegistrationSimulation:23 - Students saved to the json files
2022-12-07 23:13:53 INFO  Main:12 - Course registration simulation ended.
2022-12-08 15:03:14,156 +0300 [main] INFO  (Main.java:9) - Simulation is starting
2022-12-08 15:03:14,197 +0300 [main] INFO  (CourseRegistrationSimulation.java:41) - 400 Random student created
2022-12-08 15:03:14,202 +0300 [main] INFO  (CourseRegistrationSimulation.java:17) - Students registiration completed
2022-12-08 15:03:14,860 +0300 [main] INFO  (CourseRegistrationSimulation.java:23) - Students saved to the json files
2022-12-08 15:03:14,860 +0300 [main] INFO  (Main.java:12) - Course registration simulation ended.
2022-12-08 15:04:19,164 +0300 [main] INFO  (Main.java:9) - Simulation is starting
2022-12-08 15:04:19,200 +0300 [main] INFO  (CourseRegistrationSimulation.java:41) - 400 Random student created
2022-12-08 15:04:19,205 +0300 [main] INFO  (CourseRegistrationSimulation.java:17) - Students registiration completed
2022-12-08 15:04:19,869 +0300 [main] INFO  (CourseRegistrationSimulation.java:23) - Students saved to the json files
2022-12-08 15:04:19,869 +0300 [main] INFO  (Main.java:12) - Course registration simulation ended.
2022-12-08 15:04:23,299 +0300 [main] INFO  (Main.java:9) - Simulation is starting
2022-12-08 15:04:23,334 +0300 [main] INFO  (CourseRegistrationSimulation.java:41) - 400 Random student created
2022-12-08 15:04:23,340 +0300 [main] INFO  (CourseRegistrationSimulation.java:17) - Students registiration completed
2022-12-08 15:04:23,980 +0300 [main] INFO  (CourseRegistrationSimulation.java:23) - Students saved to the json files
2022-12-08 15:04:23,981 +0300 [main] INFO  (Main.java:12) - Course registration simulation ended.
2022-12-08 15:06:11,846 +0300 [main] INFO  (Main.java:9) - Simulation is starting
2022-12-08 15:06:11,886 +0300 [main] INFO  (CourseRegistrationSimulation.java:41) - 400 Random student created
2022-12-08 15:06:11,891 +0300 [main] INFO  (CourseRegistrationSimulation.java:17) - Students registiration completed
2022-12-08 15:06:12,760 +0300 [main] INFO  (CourseRegistrationSimulation.java:23) - Students saved to the json files
2022-12-08 15:06:12,760 +0300 [main] INFO  (Main.java:12) - Course registration simulation ended.
2022-12-10 09:38:40 INFO  Main:9 - Simulation is starting
  2022-12-10 09:38:40 INFO  CourseRegistrationSimulation:42 - 400 Random student created
  2022-12-10 09:38:40 INFO  CourseRegistrationSimulation:17 - Students registiration completed
  2022-12-10 09:38:41 INFO  CourseRegistrationSimulation:24 - Students saved to the json files
  2022-12-10 09:38:41 INFO  Main:12 - Course registration simulation ended.
  2022-12-10 14:45:19 INFO  Main:9 - Simulation is starting
  2022-12-10 14:45:19 INFO  CourseRegistrationSimulation:41 - 400 Random student created
  2022-12-10 14:45:19 INFO  CourseRegistrationSimulation:17 - Students registiration completed
  2022-12-10 14:45:20 INFO  CourseRegistrationSimulation:23 - Students saved to the json files
  2022-12-10 14:45:20 INFO  Main:12 - Course registration simulation ended.
  